<?xml version="1.0" encoding="UTF-8"?>
<!-- Generated by org.testng.reporters.JUnitReportReporter -->
<testsuite skipped="0" hostname="Ivana-TOSHIBA" name="TestWomenDresses" tests="3" failures="0" timestamp="2020-04-11T14:47:12 CEST" time="18.361" errors="0">
  <testcase name="clickOnSummerDressesfromWomen" time="8.198" classname="TestWomenDresses"/>
  <system-out/>
  <testcase name="clickOnSummerDressesfromDressess" time="3.598" classname="TestWomenDresses"/>
  <system-out/>
  <testcase name="equalityURLFromWomenAndDressess" time="6.565" classname="TestWomenDresses"/>
  <system-out/>
</testsuite> <!-- TestWomenDresses -->
