<?xml version="1.0" encoding="UTF-8"?>
<!-- Generated by org.testng.reporters.JUnitReportReporter -->
<testsuite skipped="0" hostname="Ivana-TOSHIBA" name="TestSummerDresses" tests="1" failures="0" timestamp="2020-04-11T14:47:12 CEST" time="7.151" errors="0">
  <testcase name="pickFirstSummerDress" time="7.151" classname="TestSummerDresses"/>
  <system-out/>
</testsuite> <!-- TestSummerDresses -->
